[debug] [2019-03-18T14:53:24.520Z] ----------------------------------------------------------------------
[debug] [2019-03-18T14:53:24.522Z] Command:       C:\Program Files (x86)\nodejs\node.exe C:\Users\yatin\AppData\Roaming\npm\node_modules\firebase-tools\lib\bin\firebase.js login --reauth
[debug] [2019-03-18T14:53:24.522Z] CLI Version:   6.5.0
[debug] [2019-03-18T14:53:24.522Z] Platform:      win32
[debug] [2019-03-18T14:53:24.522Z] Node Version:  v8.14.0
[debug] [2019-03-18T14:53:24.523Z] Time:          Mon Mar 18 2019 20:23:24 GMT+0530 (India Standard Time)
[debug] [2019-03-18T14:53:24.523Z] ----------------------------------------------------------------------
[debug] 
[info] 
[info] Visit this URL on any device to log in:
[info] https://accounts.google.com/o/oauth2/auth?client_id=563584335869-fgrhgmd47bqnekij5i8b5pr03ho849e6.apps.googleusercontent.com&scope=email%20openid%20https%3A%2F%2Fwww.googleapis.com%2Fauth%2Fcloudplatformprojects.readonly%20https%3A%2F%2Fwww.googleapis.com%2Fauth%2Ffirebase%20https%3A%2F%2Fwww.googleapis.com%2Fauth%2Fcloud-platform&response_type=code&state=974532459&redirect_uri=http%3A%2F%2Flocalhost%3A9005
[info] 
[info] Waiting for authentication...
[debug] [2019-03-18T14:53:36.687Z] >>> HTTP REQUEST POST https://accounts.google.com/o/oauth2/token  

[debug] [2019-03-18T14:53:36.836Z] Token Fetch Error: Error
    at new FirebaseError (C:\Users\yatin\AppData\Roaming\npm\node_modules\firebase-tools\lib\error.js:9:18)
    at Request._callback (C:\Users\yatin\AppData\Roaming\npm\node_modules\firebase-tools\lib\api.js:30:31)
    at self.callback (C:\Users\yatin\AppData\Roaming\npm\node_modules\firebase-tools\node_modules\request\request.js:185:22)
    at emitOne (events.js:116:13)
    at Request.emit (events.js:211:7)
    at Request.onRequestError (C:\Users\yatin\AppData\Roaming\npm\node_modules\firebase-tools\node_modules\request\request.js:881:8)
    at emitOne (events.js:116:13)
    at ClientRequest.emit (events.js:211:7)
    at TLSSocket.socketErrorListener (_http_client.js:401:9)
    at emitOne (events.js:116:13)
